11:16:58:067  INFO 22972 --- [main] com.hmall.trade.TradeApplication         : The following 1 profile is active: "local"
11:16:59:990  INFO 22972 --- [main] o.s.cloud.context.scope.GenericScope     : BeanFactory id=c8b184bc-7b71-3e26-86d5-9879d9febd74
11:17:00:065  INFO 22972 --- [main] trationDelegate$BeanPostProcessorChecker : Bean 'io.seata.spring.boot.autoconfigure.SeataCoreAutoConfiguration' of type [io.seata.spring.boot.autoconfigure.SeataCoreAutoConfiguration] is not eligible for getting processed by all BeanPostProcessors (for example: not eligible for auto-proxying)
11:17:00:065  INFO 22972 --- [main] trationDelegate$BeanPostProcessorChecker : Bean 'springApplicationContextProvider' of type [io.seata.spring.boot.autoconfigure.provider.SpringApplicationContextProvider] is not eligible for getting processed by all BeanPostProcessors (for example: not eligible for auto-proxying)
11:17:00:066  INFO 22972 --- [main] trationDelegate$BeanPostProcessorChecker : Bean 'io.seata.spring.boot.autoconfigure.SeataAutoConfiguration' of type [io.seata.spring.boot.autoconfigure.SeataAutoConfiguration] is not eligible for getting processed by all BeanPostProcessors (for example: not eligible for auto-proxying)
11:17:00:103  INFO 22972 --- [main] trationDelegate$BeanPostProcessorChecker : Bean 'failureHandler' of type [io.seata.tm.api.DefaultFailureHandlerImpl] is not eligible for getting processed by all BeanPostProcessors (for example: not eligible for auto-proxying)
11:17:00:105  INFO 22972 --- [main] trationDelegate$BeanPostProcessorChecker : Bean 'org.springframework.cloud.commons.config.CommonsConfigAutoConfiguration' of type [org.springframework.cloud.commons.config.CommonsConfigAutoConfiguration] is not eligible for getting processed by all BeanPostProcessors (for example: not eligible for auto-proxying)
11:17:00:106  INFO 22972 --- [main] trationDelegate$BeanPostProcessorChecker : Bean 'org.springframework.cloud.client.loadbalancer.LoadBalancerDefaultMappingsProviderAutoConfiguration' of type [org.springframework.cloud.client.loadbalancer.LoadBalancerDefaultMappingsProviderAutoConfiguration] is not eligible for getting processed by all BeanPostProcessors (for example: not eligible for auto-proxying)
11:17:00:107  INFO 22972 --- [main] trationDelegate$BeanPostProcessorChecker : Bean 'loadBalancerClientsDefaultsMappingsProvider' of type [org.springframework.cloud.client.loadbalancer.LoadBalancerDefaultMappingsProviderAutoConfiguration$$Lambda$567/0x000000080063d840] is not eligible for getting processed by all BeanPostProcessors (for example: not eligible for auto-proxying)
11:17:00:107  INFO 22972 --- [main] trationDelegate$BeanPostProcessorChecker : Bean 'defaultsBindHandlerAdvisor' of type [org.springframework.cloud.commons.config.DefaultsBindHandlerAdvisor] is not eligible for getting processed by all BeanPostProcessors (for example: not eligible for auto-proxying)
11:17:00:110  INFO 22972 --- [main] trationDelegate$BeanPostProcessorChecker : Bean 'springCloudAlibabaConfiguration' of type [io.seata.spring.boot.autoconfigure.properties.SpringCloudAlibabaConfiguration] is not eligible for getting processed by all BeanPostProcessors (for example: not eligible for auto-proxying)
11:17:00:113  INFO 22972 --- [main] trationDelegate$BeanPostProcessorChecker : Bean 'seataProperties' of type [io.seata.spring.boot.autoconfigure.properties.SeataProperties] is not eligible for getting processed by all BeanPostProcessors (for example: not eligible for auto-proxying)
11:17:00:115  INFO 22972 --- [main] i.s.s.b.a.SeataAutoConfiguration         : Automatically configure Seata
11:17:00:202  INFO 22972 --- [main] io.seata.config.ConfigurationFactory     : load Configuration from :Spring Configuration
11:17:00:209  INFO 22972 --- [main] io.seata.config.ConfigurationFactory     : load Configuration from :Spring Configuration
11:17:00:289  INFO 22972 --- [main] i.s.s.a.GlobalTransactionScanner         : Initializing Global Transaction Clients ... 
11:17:00:377  INFO 22972 --- [main] i.s.core.rpc.netty.NettyClientBootstrap  : NettyClientBootstrap has started
11:17:00:566  INFO 22972 --- [main] com.alibaba.nacos.common.remote.client   : [RpcClientFactory] create a new rpc client of ecf23c45-0c02-47b9-a162-7c1477d168b8
11:17:00:566  INFO 22972 --- [main] com.alibaba.nacos.common.remote.client   : [ecf23c45-0c02-47b9-a162-7c1477d168b8] RpcClient init label, labels = {module=naming, source=sdk}
11:17:00:568  INFO 22972 --- [main] com.alibaba.nacos.common.remote.client   : [ecf23c45-0c02-47b9-a162-7c1477d168b8] RpcClient init, ServerListFactory = com.alibaba.nacos.client.naming.core.ServerListManager
11:17:00:568  INFO 22972 --- [main] com.alibaba.nacos.common.remote.client   : [ecf23c45-0c02-47b9-a162-7c1477d168b8] Registry connection listener to current client:com.alibaba.nacos.client.naming.remote.gprc.redo.NamingGrpcRedoService
11:17:00:569  INFO 22972 --- [main] com.alibaba.nacos.common.remote.client   : [ecf23c45-0c02-47b9-a162-7c1477d168b8] Register server push request handler:com.alibaba.nacos.client.naming.remote.gprc.NamingPushRequestHandler
11:17:00:569  INFO 22972 --- [main] com.alibaba.nacos.common.remote.client   : [ecf23c45-0c02-47b9-a162-7c1477d168b8] Try to connect to server on start up, server: {serverIp = '192.168.189.129', server main port = 8848}
11:17:00:712  INFO 22972 --- [main] com.alibaba.nacos.common.remote.client   : [ecf23c45-0c02-47b9-a162-7c1477d168b8] Success to connect to server [192.168.189.129:8848] on start up, connectionId = 1723000621468_192.168.189.1_58151
11:17:00:712  INFO 22972 --- [main] com.alibaba.nacos.common.remote.client   : [ecf23c45-0c02-47b9-a162-7c1477d168b8] Register server push request handler:com.alibaba.nacos.common.remote.client.RpcClient$ConnectResetRequestHandler
11:17:00:712  INFO 22972 --- [main] com.alibaba.nacos.common.remote.client   : [ecf23c45-0c02-47b9-a162-7c1477d168b8] Register server push request handler:com.alibaba.nacos.common.remote.client.RpcClient$$Lambda$473/0x000000080042c040
11:17:00:712  INFO 22972 --- [com.alibaba.nacos.client.remote.worker] com.alibaba.nacos.common.remote.client   : [ecf23c45-0c02-47b9-a162-7c1477d168b8] Notify connected event to listeners.
11:17:00:746 ERROR 22972 --- [main] i.s.c.r.netty.NettyClientChannelManager  : no available service found in cluster 'default', please make sure registry config correct and keep your seata server running
11:17:00:746  INFO 22972 --- [main] i.s.s.a.GlobalTransactionScanner         : Transaction Manager Client is initialized. applicationId[trade-service] txServiceGroup[hmall]
11:17:00:760  INFO 22972 --- [main] io.seata.rm.datasource.AsyncWorker       : Async Commit Buffer Limit: 10000
11:17:00:760  INFO 22972 --- [main] i.s.rm.datasource.xa.ResourceManagerXA   : ResourceManagerXA init ...
11:17:00:771  INFO 22972 --- [main] i.s.core.rpc.netty.NettyClientBootstrap  : NettyClientBootstrap has started
11:17:00:771  INFO 22972 --- [main] i.s.s.a.GlobalTransactionScanner         : Resource Manager is initialized. applicationId[trade-service] txServiceGroup[hmall]
11:17:00:771  INFO 22972 --- [main] i.s.s.a.GlobalTransactionScanner         : Global Transaction Clients are initialized. 
11:17:00:774  INFO 22972 --- [main] trationDelegate$BeanPostProcessorChecker : Bean 'io.seata.spring.boot.autoconfigure.SeataDataSourceAutoConfiguration' of type [io.seata.spring.boot.autoconfigure.SeataDataSourceAutoConfiguration] is not eligible for getting processed by all BeanPostProcessors (for example: not eligible for auto-proxying)
11:17:00:868  INFO 22972 --- [main] trationDelegate$BeanPostProcessorChecker : Bean 'com.alibaba.cloud.seata.feign.SeataFeignClientAutoConfiguration$FeignBeanPostProcessorConfiguration' of type [com.alibaba.cloud.seata.feign.SeataFeignClientAutoConfiguration$FeignBeanPostProcessorConfiguration] is not eligible for getting processed by all BeanPostProcessors (for example: not eligible for auto-proxying)
11:17:00:871  INFO 22972 --- [main] trationDelegate$BeanPostProcessorChecker : Bean 'seataFeignObjectWrapper' of type [com.alibaba.cloud.seata.feign.SeataFeignObjectWrapper] is not eligible for getting processed by all BeanPostProcessors (for example: not eligible for auto-proxying)
11:17:01:266  INFO 22972 --- [nacos-grpc-client-executor-5] com.alibaba.nacos.common.remote.client   : [ecf23c45-0c02-47b9-a162-7c1477d168b8] Receive server push request, request = NotifySubscriberRequest, requestId = 16
11:17:01:269  INFO 22972 --- [nacos-grpc-client-executor-5] com.alibaba.nacos.common.remote.client   : [ecf23c45-0c02-47b9-a162-7c1477d168b8] Ack server push request, request = NotifySubscriberRequest, requestId = 16
11:17:01:344  INFO 22972 --- [main] o.s.b.w.embedded.tomcat.TomcatWebServer  : Tomcat initialized with port(s): 8085 (http)
11:17:01:356  INFO 22972 --- [main] o.apache.catalina.core.StandardService   : Starting service [Tomcat]
11:17:01:356  INFO 22972 --- [main] org.apache.catalina.core.StandardEngine  : Starting Servlet engine: [Apache Tomcat/9.0.75]
11:17:01:676  INFO 22972 --- [main] o.a.c.c.C.[Tomcat].[localhost].[/]       : Initializing Spring embedded WebApplicationContext
11:17:01:676  INFO 22972 --- [main] w.s.c.ServletWebServerApplicationContext : Root WebApplicationContext: initialization completed in 3305 ms
11:17:01:921  INFO 22972 --- [main] o.s.c.openfeign.FeignClientFactoryBean   : For 'item-service' URL not provided. Will try picking an instance via load-balancing.
11:17:02:161  INFO 22972 --- [main] com.zaxxer.hikari.HikariDataSource       : HikariPool-1 - Starting...
11:17:02:786  INFO 22972 --- [main] com.zaxxer.hikari.HikariDataSource       : HikariPool-1 - Start completed.
11:17:02:905 ERROR 22972 --- [main] i.s.c.r.netty.NettyClientChannelManager  : no available service found in cluster 'default', please make sure registry config correct and keep your seata server running
11:17:05:940  INFO 22972 --- [main] o.s.c.openfeign.FeignClientFactoryBean   : For 'cart-service' URL not provided. Will try picking an instance via load-balancing.
11:17:06:200  INFO 22972 --- [main] i.s.s.a.GlobalTransactionScanner         : Bean[com.hmall.trade.service.impl.OrderServiceImpl$$EnhancerBySpringCGLIB$$43079d34] with name [orderServiceImpl] would use interceptor [io.seata.spring.annotation.GlobalTransactionalInterceptor]
11:17:07:880  INFO 22972 --- [main] pertySourcedRequestMappingHandlerMapping : Mapped URL path [/v2/api-docs] onto method [springfox.documentation.swagger2.web.Swagger2ControllerWebMvc#getDocumentation(String, HttpServletRequest)]
11:17:09:303  INFO 22972 --- [main] com.alibaba.nacos.common.remote.client   : [RpcClientFactory] create a new rpc client of c5ef4103-cd4c-4850-b7bf-b8fd8ec0e2a5
11:17:09:304  INFO 22972 --- [main] com.alibaba.nacos.common.remote.client   : [c5ef4103-cd4c-4850-b7bf-b8fd8ec0e2a5] RpcClient init label, labels = {module=naming, source=sdk}
11:17:09:304  INFO 22972 --- [main] com.alibaba.nacos.common.remote.client   : [c5ef4103-cd4c-4850-b7bf-b8fd8ec0e2a5] RpcClient init, ServerListFactory = com.alibaba.nacos.client.naming.core.ServerListManager
11:17:09:304  INFO 22972 --- [main] com.alibaba.nacos.common.remote.client   : [c5ef4103-cd4c-4850-b7bf-b8fd8ec0e2a5] Registry connection listener to current client:com.alibaba.nacos.client.naming.remote.gprc.redo.NamingGrpcRedoService
11:17:09:305  INFO 22972 --- [main] com.alibaba.nacos.common.remote.client   : [c5ef4103-cd4c-4850-b7bf-b8fd8ec0e2a5] Register server push request handler:com.alibaba.nacos.client.naming.remote.gprc.NamingPushRequestHandler
11:17:09:305  INFO 22972 --- [main] com.alibaba.nacos.common.remote.client   : [c5ef4103-cd4c-4850-b7bf-b8fd8ec0e2a5] Try to connect to server on start up, server: {serverIp = '192.168.189.129', server main port = 8848}
11:17:09:425  INFO 22972 --- [main] com.alibaba.nacos.common.remote.client   : [c5ef4103-cd4c-4850-b7bf-b8fd8ec0e2a5] Success to connect to server [192.168.189.129:8848] on start up, connectionId = 1723000630206_192.168.189.1_58172
11:17:09:425  INFO 22972 --- [main] com.alibaba.nacos.common.remote.client   : [c5ef4103-cd4c-4850-b7bf-b8fd8ec0e2a5] Register server push request handler:com.alibaba.nacos.common.remote.client.RpcClient$ConnectResetRequestHandler
11:17:09:425  INFO 22972 --- [com.alibaba.nacos.client.remote.worker] com.alibaba.nacos.common.remote.client   : [c5ef4103-cd4c-4850-b7bf-b8fd8ec0e2a5] Notify connected event to listeners.
11:17:09:425  INFO 22972 --- [main] com.alibaba.nacos.common.remote.client   : [c5ef4103-cd4c-4850-b7bf-b8fd8ec0e2a5] Register server push request handler:com.alibaba.nacos.common.remote.client.RpcClient$$Lambda$473/0x000000080042c040
11:17:09:485  INFO 22972 --- [main] o.s.b.w.embedded.tomcat.TomcatWebServer  : Tomcat started on port(s): 8085 (http) with context path ''
11:17:09:494  INFO 22972 --- [main] c.a.c.n.registry.NacosServiceRegistry    : nacos registry, DEFAULT_GROUP trade-service 192.168.189.1:8085 register finished
11:17:10:002  INFO 22972 --- [nacos-grpc-client-executor-6] com.alibaba.nacos.common.remote.client   : [c5ef4103-cd4c-4850-b7bf-b8fd8ec0e2a5] Receive server push request, request = NotifySubscriberRequest, requestId = 17
11:17:10:008  INFO 22972 --- [nacos-grpc-client-executor-6] com.alibaba.nacos.common.remote.client   : [c5ef4103-cd4c-4850-b7bf-b8fd8ec0e2a5] Ack server push request, request = NotifySubscriberRequest, requestId = 17
11:17:10:621  INFO 22972 --- [main] d.s.w.p.DocumentationPluginsBootstrapper : Documentation plugins bootstrapped
11:17:10:624  INFO 22972 --- [main] d.s.w.p.DocumentationPluginsBootstrapper : Found 1 custom documentation plugin(s)
11:17:11:320  INFO 22972 --- [main] s.d.s.w.s.ApiListingReferenceScanner     : Scanning for api listing references
11:17:11:425  INFO 22972 --- [main] o.s.a.r.c.CachingConnectionFactory       : Attempting to connect to: [192.168.189.129:5672]
11:17:11:485  INFO 22972 --- [main] o.s.a.r.c.CachingConnectionFactory       : Created new connection: rabbitConnectionFactory#b0d4873:0/SimpleConnection@60fc4450 [delegate=amqp://hmall@192.168.189.129:5672//hmall, localPort= 58176]
11:17:11:555  INFO 22972 --- [main] com.hmall.trade.TradeApplication         : Started TradeApplication in 22.639 seconds (JVM running for 25.318)
11:17:11:563  INFO 22972 --- [main] c.a.c.n.refresh.NacosContextRefresher    : [Nacos Config] Listening config: dataId=trade-service, group=DEFAULT_GROUP
11:17:11:564  INFO 22972 --- [main] c.a.c.n.refresh.NacosContextRefresher    : [Nacos Config] Listening config: dataId=trade-service-local.yaml, group=DEFAULT_GROUP
11:17:11:565  INFO 22972 --- [main] c.a.c.n.refresh.NacosContextRefresher    : [Nacos Config] Listening config: dataId=trade-service.yaml, group=DEFAULT_GROUP
11:18:00:373 ERROR 22972 --- [timeoutChecker_1_1] i.s.c.r.netty.NettyClientChannelManager  : no available service found in cluster 'default', please make sure registry config correct and keep your seata server running
11:18:00:769 ERROR 22972 --- [timeoutChecker_2_1] i.s.c.r.netty.NettyClientChannelManager  : no available service found in cluster 'default', please make sure registry config correct and keep your seata server running
11:18:10:371 ERROR 22972 --- [timeoutChecker_1_1] i.s.c.r.netty.NettyClientChannelManager  : no available service found in cluster 'default', please make sure registry config correct and keep your seata server running
11:18:10:770 ERROR 22972 --- [timeoutChecker_2_1] i.s.c.r.netty.NettyClientChannelManager  : no available service found in cluster 'default', please make sure registry config correct and keep your seata server running
11:18:20:373 ERROR 22972 --- [timeoutChecker_1_1] i.s.c.r.netty.NettyClientChannelManager  : no available service found in cluster 'default', please make sure registry config correct and keep your seata server running
11:18:20:770 ERROR 22972 --- [timeoutChecker_2_1] i.s.c.r.netty.NettyClientChannelManager  : no available service found in cluster 'default', please make sure registry config correct and keep your seata server running
11:18:30:371 ERROR 22972 --- [timeoutChecker_1_1] i.s.c.r.netty.NettyClientChannelManager  : no available service found in cluster 'default', please make sure registry config correct and keep your seata server running
11:18:30:769 ERROR 22972 --- [timeoutChecker_2_1] i.s.c.r.netty.NettyClientChannelManager  : no available service found in cluster 'default', please make sure registry config correct and keep your seata server running
11:18:40:373 ERROR 22972 --- [timeoutChecker_1_1] i.s.c.r.netty.NettyClientChannelManager  : no available service found in cluster 'default', please make sure registry config correct and keep your seata server running
11:18:40:772 ERROR 22972 --- [timeoutChecker_2_1] i.s.c.r.netty.NettyClientChannelManager  : no available service found in cluster 'default', please make sure registry config correct and keep your seata server running
11:18:50:373 ERROR 22972 --- [timeoutChecker_1_1] i.s.c.r.netty.NettyClientChannelManager  : no available service found in cluster 'default', please make sure registry config correct and keep your seata server running
11:18:50:770 ERROR 22972 --- [timeoutChecker_2_1] i.s.c.r.netty.NettyClientChannelManager  : no available service found in cluster 'default', please make sure registry config correct and keep your seata server running
11:19:00:371 ERROR 22972 --- [timeoutChecker_1_1] i.s.c.r.netty.NettyClientChannelManager  : no available service found in cluster 'default', please make sure registry config correct and keep your seata server running
11:19:00:772 ERROR 22972 --- [timeoutChecker_2_1] i.s.c.r.netty.NettyClientChannelManager  : no available service found in cluster 'default', please make sure registry config correct and keep your seata server running
11:19:10:372 ERROR 22972 --- [timeoutChecker_1_1] i.s.c.r.netty.NettyClientChannelManager  : no available service found in cluster 'default', please make sure registry config correct and keep your seata server running
11:19:10:772 ERROR 22972 --- [timeoutChecker_2_1] i.s.c.r.netty.NettyClientChannelManager  : no available service found in cluster 'default', please make sure registry config correct and keep your seata server running
11:19:20:372 ERROR 22972 --- [timeoutChecker_1_1] i.s.c.r.netty.NettyClientChannelManager  : no available service found in cluster 'default', please make sure registry config correct and keep your seata server running
11:19:20:770 ERROR 22972 --- [timeoutChecker_2_1] i.s.c.r.netty.NettyClientChannelManager  : no available service found in cluster 'default', please make sure registry config correct and keep your seata server running
11:19:30:372 ERROR 22972 --- [timeoutChecker_1_1] i.s.c.r.netty.NettyClientChannelManager  : no available service found in cluster 'default', please make sure registry config correct and keep your seata server running
11:19:30:772 ERROR 22972 --- [timeoutChecker_2_1] i.s.c.r.netty.NettyClientChannelManager  : no available service found in cluster 'default', please make sure registry config correct and keep your seata server running
11:19:40:374 ERROR 22972 --- [timeoutChecker_1_1] i.s.c.r.netty.NettyClientChannelManager  : no available service found in cluster 'default', please make sure registry config correct and keep your seata server running
11:19:40:769 ERROR 22972 --- [timeoutChecker_2_1] i.s.c.r.netty.NettyClientChannelManager  : no available service found in cluster 'default', please make sure registry config correct and keep your seata server running
11:19:50:373 ERROR 22972 --- [timeoutChecker_1_1] i.s.c.r.netty.NettyClientChannelManager  : no available service found in cluster 'default', please make sure registry config correct and keep your seata server running
11:19:50:771 ERROR 22972 --- [timeoutChecker_2_1] i.s.c.r.netty.NettyClientChannelManager  : no available service found in cluster 'default', please make sure registry config correct and keep your seata server running
11:20:00:373 ERROR 22972 --- [timeoutChecker_1_1] i.s.c.r.netty.NettyClientChannelManager  : no available service found in cluster 'default', please make sure registry config correct and keep your seata server running
11:20:00:773 ERROR 22972 --- [timeoutChecker_2_1] i.s.c.r.netty.NettyClientChannelManager  : no available service found in cluster 'default', please make sure registry config correct and keep your seata server running
11:20:10:371 ERROR 22972 --- [timeoutChecker_1_1] i.s.c.r.netty.NettyClientChannelManager  : no available service found in cluster 'default', please make sure registry config correct and keep your seata server running
11:20:10:770 ERROR 22972 --- [timeoutChecker_2_1] i.s.c.r.netty.NettyClientChannelManager  : no available service found in cluster 'default', please make sure registry config correct and keep your seata server running
11:20:20:371 ERROR 22972 --- [timeoutChecker_1_1] i.s.c.r.netty.NettyClientChannelManager  : no available service found in cluster 'default', please make sure registry config correct and keep your seata server running
11:20:20:770 ERROR 22972 --- [timeoutChecker_2_1] i.s.c.r.netty.NettyClientChannelManager  : no available service found in cluster 'default', please make sure registry config correct and keep your seata server running
11:20:30:374 ERROR 22972 --- [timeoutChecker_1_1] i.s.c.r.netty.NettyClientChannelManager  : no available service found in cluster 'default', please make sure registry config correct and keep your seata server running
11:20:30:770 ERROR 22972 --- [timeoutChecker_2_1] i.s.c.r.netty.NettyClientChannelManager  : no available service found in cluster 'default', please make sure registry config correct and keep your seata server running
11:20:40:371 ERROR 22972 --- [timeoutChecker_1_1] i.s.c.r.netty.NettyClientChannelManager  : no available service found in cluster 'default', please make sure registry config correct and keep your seata server running
11:20:40:772 ERROR 22972 --- [timeoutChecker_2_1] i.s.c.r.netty.NettyClientChannelManager  : no available service found in cluster 'default', please make sure registry config correct and keep your seata server running
11:20:50:372 ERROR 22972 --- [timeoutChecker_1_1] i.s.c.r.netty.NettyClientChannelManager  : no available service found in cluster 'default', please make sure registry config correct and keep your seata server running
11:20:50:770 ERROR 22972 --- [timeoutChecker_2_1] i.s.c.r.netty.NettyClientChannelManager  : no available service found in cluster 'default', please make sure registry config correct and keep your seata server running
11:21:00:372 ERROR 22972 --- [timeoutChecker_1_1] i.s.c.r.netty.NettyClientChannelManager  : no available service found in cluster 'default', please make sure registry config correct and keep your seata server running
11:21:00:770 ERROR 22972 --- [timeoutChecker_2_1] i.s.c.r.netty.NettyClientChannelManager  : no available service found in cluster 'default', please make sure registry config correct and keep your seata server running
11:21:10:371 ERROR 22972 --- [timeoutChecker_1_1] i.s.c.r.netty.NettyClientChannelManager  : no available service found in cluster 'default', please make sure registry config correct and keep your seata server running
11:21:10:769 ERROR 22972 --- [timeoutChecker_2_1] i.s.c.r.netty.NettyClientChannelManager  : no available service found in cluster 'default', please make sure registry config correct and keep your seata server running
11:21:20:373 ERROR 22972 --- [timeoutChecker_1_1] i.s.c.r.netty.NettyClientChannelManager  : no available service found in cluster 'default', please make sure registry config correct and keep your seata server running
11:21:20:771 ERROR 22972 --- [timeoutChecker_2_1] i.s.c.r.netty.NettyClientChannelManager  : no available service found in cluster 'default', please make sure registry config correct and keep your seata server running
11:21:30:371 ERROR 22972 --- [timeoutChecker_1_1] i.s.c.r.netty.NettyClientChannelManager  : no available service found in cluster 'default', please make sure registry config correct and keep your seata server running
11:21:30:771 ERROR 22972 --- [timeoutChecker_2_1] i.s.c.r.netty.NettyClientChannelManager  : no available service found in cluster 'default', please make sure registry config correct and keep your seata server running
11:21:40:374 ERROR 22972 --- [timeoutChecker_1_1] i.s.c.r.netty.NettyClientChannelManager  : no available service found in cluster 'default', please make sure registry config correct and keep your seata server running
11:21:40:772 ERROR 22972 --- [timeoutChecker_2_1] i.s.c.r.netty.NettyClientChannelManager  : no available service found in cluster 'default', please make sure registry config correct and keep your seata server running
11:21:50:371 ERROR 22972 --- [timeoutChecker_1_1] i.s.c.r.netty.NettyClientChannelManager  : no available service found in cluster 'default', please make sure registry config correct and keep your seata server running
11:21:50:770 ERROR 22972 --- [timeoutChecker_2_1] i.s.c.r.netty.NettyClientChannelManager  : no available service found in cluster 'default', please make sure registry config correct and keep your seata server running
11:22:00:373 ERROR 22972 --- [timeoutChecker_1_1] i.s.c.r.netty.NettyClientChannelManager  : no available service found in cluster 'default', please make sure registry config correct and keep your seata server running
11:22:00:770 ERROR 22972 --- [timeoutChecker_2_1] i.s.c.r.netty.NettyClientChannelManager  : no available service found in cluster 'default', please make sure registry config correct and keep your seata server running
11:22:10:371 ERROR 22972 --- [timeoutChecker_1_1] i.s.c.r.netty.NettyClientChannelManager  : no available service found in cluster 'default', please make sure registry config correct and keep your seata server running
11:22:10:772 ERROR 22972 --- [timeoutChecker_2_1] i.s.c.r.netty.NettyClientChannelManager  : no available service found in cluster 'default', please make sure registry config correct and keep your seata server running
11:22:20:372 ERROR 22972 --- [timeoutChecker_1_1] i.s.c.r.netty.NettyClientChannelManager  : no available service found in cluster 'default', please make sure registry config correct and keep your seata server running
11:22:20:771 ERROR 22972 --- [timeoutChecker_2_1] i.s.c.r.netty.NettyClientChannelManager  : no available service found in cluster 'default', please make sure registry config correct and keep your seata server running
11:22:30:374 ERROR 22972 --- [timeoutChecker_1_1] i.s.c.r.netty.NettyClientChannelManager  : no available service found in cluster 'default', please make sure registry config correct and keep your seata server running
11:22:30:770 ERROR 22972 --- [timeoutChecker_2_1] i.s.c.r.netty.NettyClientChannelManager  : no available service found in cluster 'default', please make sure registry config correct and keep your seata server running
11:22:40:373 ERROR 22972 --- [timeoutChecker_1_1] i.s.c.r.netty.NettyClientChannelManager  : no available service found in cluster 'default', please make sure registry config correct and keep your seata server running
11:22:40:771 ERROR 22972 --- [timeoutChecker_2_1] i.s.c.r.netty.NettyClientChannelManager  : no available service found in cluster 'default', please make sure registry config correct and keep your seata server running
11:22:50:373 ERROR 22972 --- [timeoutChecker_1_1] i.s.c.r.netty.NettyClientChannelManager  : no available service found in cluster 'default', please make sure registry config correct and keep your seata server running
11:22:50:770 ERROR 22972 --- [timeoutChecker_2_1] i.s.c.r.netty.NettyClientChannelManager  : no available service found in cluster 'default', please make sure registry config correct and keep your seata server running
11:23:00:371 ERROR 22972 --- [timeoutChecker_1_1] i.s.c.r.netty.NettyClientChannelManager  : no available service found in cluster 'default', please make sure registry config correct and keep your seata server running
11:23:00:773 ERROR 22972 --- [timeoutChecker_2_1] i.s.c.r.netty.NettyClientChannelManager  : no available service found in cluster 'default', please make sure registry config correct and keep your seata server running
11:23:10:373 ERROR 22972 --- [timeoutChecker_1_1] i.s.c.r.netty.NettyClientChannelManager  : no available service found in cluster 'default', please make sure registry config correct and keep your seata server running
11:23:10:780 ERROR 22972 --- [timeoutChecker_2_1] i.s.c.r.netty.NettyClientChannelManager  : no available service found in cluster 'default', please make sure registry config correct and keep your seata server running
11:23:20:372 ERROR 22972 --- [timeoutChecker_1_1] i.s.c.r.netty.NettyClientChannelManager  : no available service found in cluster 'default', please make sure registry config correct and keep your seata server running
11:23:20:772 ERROR 22972 --- [timeoutChecker_2_1] i.s.c.r.netty.NettyClientChannelManager  : no available service found in cluster 'default', please make sure registry config correct and keep your seata server running
11:23:30:372 ERROR 22972 --- [timeoutChecker_1_1] i.s.c.r.netty.NettyClientChannelManager  : no available service found in cluster 'default', please make sure registry config correct and keep your seata server running
11:23:30:771 ERROR 22972 --- [timeoutChecker_2_1] i.s.c.r.netty.NettyClientChannelManager  : no available service found in cluster 'default', please make sure registry config correct and keep your seata server running
11:23:40:373 ERROR 22972 --- [timeoutChecker_1_1] i.s.c.r.netty.NettyClientChannelManager  : no available service found in cluster 'default', please make sure registry config correct and keep your seata server running
11:23:40:773 ERROR 22972 --- [timeoutChecker_2_1] i.s.c.r.netty.NettyClientChannelManager  : no available service found in cluster 'default', please make sure registry config correct and keep your seata server running
11:23:50:372 ERROR 22972 --- [timeoutChecker_1_1] i.s.c.r.netty.NettyClientChannelManager  : no available service found in cluster 'default', please make sure registry config correct and keep your seata server running
11:23:50:771 ERROR 22972 --- [timeoutChecker_2_1] i.s.c.r.netty.NettyClientChannelManager  : no available service found in cluster 'default', please make sure registry config correct and keep your seata server running
11:24:00:372 ERROR 22972 --- [timeoutChecker_1_1] i.s.c.r.netty.NettyClientChannelManager  : no available service found in cluster 'default', please make sure registry config correct and keep your seata server running
11:24:00:771 ERROR 22972 --- [timeoutChecker_2_1] i.s.c.r.netty.NettyClientChannelManager  : no available service found in cluster 'default', please make sure registry config correct and keep your seata server running
11:24:10:371 ERROR 22972 --- [timeoutChecker_1_1] i.s.c.r.netty.NettyClientChannelManager  : no available service found in cluster 'default', please make sure registry config correct and keep your seata server running
11:24:10:771 ERROR 22972 --- [timeoutChecker_2_1] i.s.c.r.netty.NettyClientChannelManager  : no available service found in cluster 'default', please make sure registry config correct and keep your seata server running
11:24:20:371 ERROR 22972 --- [timeoutChecker_1_1] i.s.c.r.netty.NettyClientChannelManager  : no available service found in cluster 'default', please make sure registry config correct and keep your seata server running
11:24:20:771 ERROR 22972 --- [timeoutChecker_2_1] i.s.c.r.netty.NettyClientChannelManager  : no available service found in cluster 'default', please make sure registry config correct and keep your seata server running
11:24:30:372 ERROR 22972 --- [timeoutChecker_1_1] i.s.c.r.netty.NettyClientChannelManager  : no available service found in cluster 'default', please make sure registry config correct and keep your seata server running
11:24:30:771 ERROR 22972 --- [timeoutChecker_2_1] i.s.c.r.netty.NettyClientChannelManager  : no available service found in cluster 'default', please make sure registry config correct and keep your seata server running
11:24:40:372 ERROR 22972 --- [timeoutChecker_1_1] i.s.c.r.netty.NettyClientChannelManager  : no available service found in cluster 'default', please make sure registry config correct and keep your seata server running
11:24:40:770 ERROR 22972 --- [timeoutChecker_2_1] i.s.c.r.netty.NettyClientChannelManager  : no available service found in cluster 'default', please make sure registry config correct and keep your seata server running
11:24:50:373 ERROR 22972 --- [timeoutChecker_1_1] i.s.c.r.netty.NettyClientChannelManager  : no available service found in cluster 'default', please make sure registry config correct and keep your seata server running
11:24:50:772 ERROR 22972 --- [timeoutChecker_2_1] i.s.c.r.netty.NettyClientChannelManager  : no available service found in cluster 'default', please make sure registry config correct and keep your seata server running
11:25:00:371 ERROR 22972 --- [timeoutChecker_1_1] i.s.c.r.netty.NettyClientChannelManager  : no available service found in cluster 'default', please make sure registry config correct and keep your seata server running
11:25:00:771 ERROR 22972 --- [timeoutChecker_2_1] i.s.c.r.netty.NettyClientChannelManager  : no available service found in cluster 'default', please make sure registry config correct and keep your seata server running
11:25:10:373 ERROR 22972 --- [timeoutChecker_1_1] i.s.c.r.netty.NettyClientChannelManager  : no available service found in cluster 'default', please make sure registry config correct and keep your seata server running
11:25:10:771 ERROR 22972 --- [timeoutChecker_2_1] i.s.c.r.netty.NettyClientChannelManager  : no available service found in cluster 'default', please make sure registry config correct and keep your seata server running
11:25:12:185  WARN 22972 --- [Thread-5] c.a.nacos.common.notify.NotifyCenter     : [NotifyCenter] Start destroying Publisher
11:25:12:185  WARN 22972 --- [Thread-1] c.a.n.common.http.HttpClientBeanHolder   : [HttpClientBeanHolder] Start destroying common HttpClient
11:25:12:186  WARN 22972 --- [Thread-5] c.a.nacos.common.notify.NotifyCenter     : [NotifyCenter] Destruction of the end
11:25:12:186  WARN 22972 --- [Thread-1] c.a.n.common.http.HttpClientBeanHolder   : [HttpClientBeanHolder] Destruction of the end
11:25:12:193  INFO 22972 --- [org.springframework.amqp.rabbit.RabbitListenerEndpointContainer#0-2] o.s.a.r.l.SimpleMessageListenerContainer : Waiting for workers to finish.
11:25:12:500  INFO 22972 --- [org.springframework.amqp.rabbit.RabbitListenerEndpointContainer#0-2] o.s.a.r.l.SimpleMessageListenerContainer : Successfully waited for workers to finish.
11:25:13:734  INFO 22972 --- [SpringContextShutdownHook] c.a.c.n.registry.NacosServiceRegistry    : De-registering from Nacos Server now...
11:25:13:748  INFO 22972 --- [SpringContextShutdownHook] c.a.c.n.registry.NacosServiceRegistry    : De-registration finished.
11:25:14:056  INFO 22972 --- [SpringContextShutdownHook] com.alibaba.nacos.common.remote.client   : Shutdown rpc client, set status to shutdown
11:25:14:056  INFO 22972 --- [SpringContextShutdownHook] com.alibaba.nacos.common.remote.client   : Shutdown client event executor java.util.concurrent.ScheduledThreadPoolExecutor@3d5a4ad[Running, pool size = 2, active threads = 2, queued tasks = 0, completed tasks = 0]
11:25:14:056  INFO 22972 --- [SpringContextShutdownHook] com.alibaba.nacos.common.remote.client   : Close current connection 1723000630206_192.168.189.1_58172
11:25:14:058  INFO 22972 --- [nacos-grpc-client-executor-107] c.a.n.c.remote.client.grpc.GrpcClient    : [1723000630206_192.168.189.1_58172]Ignore complete event,isRunning:false,isAbandon=false
11:25:14:062  INFO 22972 --- [SpringContextShutdownHook] c.a.n.c.remote.client.grpc.GrpcClient    : Shutdown grpc executor java.util.concurrent.ThreadPoolExecutor@7471869a[Running, pool size = 6, active threads = 0, queued tasks = 0, completed tasks = 108]
11:25:14:088  INFO 22972 --- [SpringContextShutdownHook] com.zaxxer.hikari.HikariDataSource       : HikariPool-1 - Shutdown initiated...
11:25:14:109  INFO 22972 --- [SpringContextShutdownHook] com.zaxxer.hikari.HikariDataSource       : HikariPool-1 - Shutdown completed.
11:25:14:110  INFO 22972 --- [SpringContextShutdownHook] o.s.a.r.l.SimpleMessageListenerContainer : Shutdown ignored - container is already stopped
